{"numTotalTestSuites":126,"numPassedTestSuites":118,"numFailedTestSuites":8,"numPendingTestSuites":0,"numTotalTests":266,"numPassedTests":264,"numFailedTests":2,"numPendingTests":0,"numTodoTests":0,"snapshot":{"added":0,"failure":false,"filesAdded":0,"filesRemoved":0,"filesRemovedList":[],"filesUnmatched":1,"filesUpdated":0,"matched":0,"total":1,"unchecked":0,"uncheckedKeysByFile":[],"unmatched":1,"updated":0,"didUpdate":false},"startTime":1778698323957,"success":false,"testResults":[{"assertionResults":[{"ancestorTitles":["check-ownership","globToRegex"],"fullName":"check-ownership globToRegex should convert simple glob patterns to regex","status":"passed","title":"should convert simple glob patterns to regex","duration":3.1881939999998394,"failureMessages":[],"meta":{},"tags":[]},{"ancestorTitles":["check-ownership","globToRegex"],"fullName":"check-ownership globToRegex should handle double star patterns","status":"passed","title":"should handle double star patterns","duration":0.56733099999974,"failureMessages":[],"meta":{},"tags":[]},{"ancestorTitles":["check-ownership","globToRegex"],"fullName":"check-ownership globToRegex should handle question mark wildcards","status":"passed","title":"should handle question mark wildcards","duration":0.5087079999998423,"failureMessages":[],"meta":{},"tags":[]},{"ancestorTitles":["check-ownership","globToRegex"],"fullName":"check-ownership globToRegex should normalize backslashes to forward slashes","status":"passed","title":"should normalize backslashes to forward slashes","duration":0.319582999999966,"failureMessages":[],"meta":{},"tags":[]},{"ancestorTitles":["check-ownership","matchesPattern"],"fullName":"check-ownership matchesPattern should match exact file paths","status":"passed","title":"should match exact file paths","duration":0.6940689999996721,"failureMessages":[],"meta":{},"tags":[]},{"ancestorTitles":["check-ownership","matchesPattern"],"fullName":"check-ownership matchesPattern should match single star patterns","status":"passed","title":"should match single star patterns","duration":0.29124599999977363,"failureMessages":[],"meta":{},"tags":[]},{"ancestorTitles":["check-ownership","matchesPattern"],"fullName":"check-ownership matchesPattern should match double star patterns","status":"passed","title":"should match double star patterns","duration":0.4667580000000271,"failureMessages":[],"meta":{},"tags":[]},{"ancestorTitles":["check-ownership","matchesPattern"],"fullName":"check-ownership matchesPattern should match component patterns with exceptions","status":"passed","title":"should match component patterns with exceptions","duration":0.43756200000007084,"failureMessages":[],"meta":{},"tags":[]},{"ancestorTitles":["check-ownership","matchesPattern"],"fullName":"check-ownership matchesPattern should handle Windows-style paths","status":"passed","title":"should handle Windows-style paths","duration":0.8019620000000032,"failureMessages":[],"meta":{},"tags":[]},{"ancestorTitles":["check-ownership","matchesException"],"fullName":"check-ownership matchesException should return false when no exceptions provided","status":"passed","title":"should return false when no exceptions provided","duration":0.418880000000172,"failureMessages":[],"meta":{},"tags":[]},{"ancestorTitles":["check-ownership","matchesException"],"fullName":"check-ownership matchesException should match exception patterns","status":"passed","title":"should match exception patterns","duration":0.5885069999999359,"failureMessages":[],"meta":{},"tags":[]},{"ancestorTitles":["check-ownership","getFileOwner"],"fullName":"check-ownership getFileOwner should identify Kiro-owned files","status":"passed","title":"should identify Kiro-owned files","duration":0.5170499999999265,"failureMessages":[],"meta":{},"tags":[]},{"ancestorTitles":["check-ownership","getFileOwner"],"fullName":"check-ownership getFileOwner should identify Lovable-owned files","status":"passed","title":"should identify Lovable-owned files","duration":0.29304799999999886,"failureMessages":[],"meta":{},"tags":[]},{"ancestorTitles":["check-ownership","getFileOwner"],"fullName":"check-ownership getFileOwner should identify shared files","status":"passed","title":"should identify shared files","duration":0.3342849999999089,"failureMessages":[],"meta":{},"tags":[]},{"ancestorTitles":["check-ownership","getFileOwner"],"fullName":"check-ownership getFileOwner should identify unassigned files","status":"passed","title":"should identify unassigned files","duration":0.574818999999934,"failureMessages":[],"meta":{},"tags":[]},{"ancestorTitles":["check-ownership","getFileOwner"],"fullName":"check-ownership getFileOwner should respect exception patterns","status":"passed","title":"should respect exception patterns","duration":0.16523999999981243,"failureMessages":[],"meta":{},"tags":[]},{"ancestorTitles":["check-ownership","getFileOwner"],"fullName":"check-ownership getFileOwner should handle Windows-style paths","status":"passed","title":"should handle Windows-style paths","duration":0.10338000000001557,"failureMessages":[],"meta":{},"tags":[]}],"startTime":1778698336604,"endTime":1778698336615.1653,"status":"passed","message":"","name":"/dev-server/scripts/check-ownership.test.ts"},{"assertionResults":[],"startTime":1778698323957,"endTime":1778698323957,"status":"failed","message":"\n[import-protection] Import denied in client environment\n\n  Denied by file pattern: **/server/**\n  Importer: src/__tests__/auth.test.ts:6:26\n  Import: \"../server/auth-audit.server\"\n  Resolved: src/server/auth-audit.server.ts\n\n  Trace:\n    1. src/__tests__/auth.test.ts:6:26 (entry) (import \"../server/auth-audit.server\")\n\n  Code:\n    4 | describe(\"Authentication Flow Audit\", () => {\n    5 |   it(\"should report healthy status when infrastructure is correct\", async () => {\n  > 6 |     const report = await runAuthAudit();\n      |                          ^\n    7 |     \n    8 |     console.log(\"--- Auth Audit Report ---\");\n\n  src/__tests__/auth.test.ts:6:26\n\n  Suggestions:\n    - Use createServerFn().handler(() => ...) to keep the logic on the server and call it from the client via an RPC bridge\n    - Use createServerOnlyFn(() => ...) to mark it as server-only (it will throw if accidentally called from the client)\n    - Use createIsomorphicFn().client(() => ...).server(() => ...) to provide separate client and server implementations\n    - Move the server-only import out of this file into a separate .server.ts module that is not imported by any client code\n","name":"/dev-server/src/__tests__/auth.test.ts"},{"assertionResults":[{"ancestorTitles":["Pipeline de Vendas e Presença Digital"],"fullName":"Pipeline de Vendas e Presença Digital Cenário 1: Empresa sem site (DNS Offline)","status":"passed","title":"Cenário 1: Empresa sem site (DNS Offline)","duration":564.0429359999998,"failureMessages":[],"meta":{},"tags":[]},{"ancestorTitles":["Pipeline de Vendas e Presença Digital"],"fullName":"Pipeline de Vendas e Presença Digital Cenário 2: Geração de Mensagem com Dados Reais","status":"passed","title":"Cenário 2: Geração de Mensagem com Dados Reais","duration":166.74858999999924,"failureMessages":[],"meta":{},"tags":[]}],"startTime":1778698333535,"endTime":1778698334265.7485,"status":"passed","message":"","name":"/dev-server/src/__tests__/pipeline.test.ts"},{"assertionResults":[{"ancestorTitles":["Critical Paths - Smoke Tests","Authentication Flow"],"fullName":"Critical Paths - Smoke Tests Authentication Flow should validate email format","status":"passed","title":"should validate email format","duration":3.435425000000123,"failureMessages":[],"meta":{},"tags":[]},{"ancestorTitles":["Critical Paths - Smoke Tests","Authentication Flow"],"fullName":"Critical Paths - Smoke Tests Authentication Flow should validate password requirements","status":"passed","title":"should validate password requirements","duration":0.8176309999998921,"failureMessages":[],"meta":{},"tags":[]},{"ancestorTitles":["Critical Paths - Smoke Tests","Lead Data Validation"],"fullName":"Critical Paths - Smoke Tests Lead Data Validation should validate CNPJ format","status":"passed","title":"should validate CNPJ format","duration":0.5476509999998598,"failureMessages":[],"meta":{},"tags":[]},{"ancestorTitles":["Critical Paths - Smoke Tests","Lead Data Validation"],"fullName":"Critical Paths - Smoke Tests Lead Data Validation should validate WhatsApp number format","status":"passed","title":"should validate WhatsApp number format","duration":0.38010099999974045,"failureMessages":[],"meta":{},"tags":[]},{"ancestorTitles":["Critical Paths - Smoke Tests","Lead Data Validation"],"fullName":"Critical Paths - Smoke Tests Lead Data Validation should sanitize Instagram handle","status":"passed","title":"should sanitize Instagram handle","duration":1.1322289999998247,"failureMessages":[],"meta":{},"tags":[]},{"ancestorTitles":["Critical Paths - Smoke Tests","Opportunity Score Calculation"],"fullName":"Critical Paths - Smoke Tests Opportunity Score Calculation should calculate score based on criteria","status":"passed","title":"should calculate score based on criteria","duration":0.5304649999998219,"failureMessages":[],"meta":{},"tags":[]},{"ancestorTitles":["Critical Paths - Smoke Tests","Opportunity Score Calculation"],"fullName":"Critical Paths - Smoke Tests Opportunity Score Calculation should classify opportunity level","status":"passed","title":"should classify opportunity level","duration":0.49103699999977835,"failureMessages":[],"meta":{},"tags":[]},{"ancestorTitles":["Critical Paths - Smoke Tests","Pipeline Stage Transitions"],"fullName":"Critical Paths - Smoke Tests Pipeline Stage Transitions should define valid stage transitions","status":"passed","title":"should define valid stage transitions","duration":0.5180119999999988,"failureMessages":[],"meta":{},"tags":[]},{"ancestorTitles":["Critical Paths - Smoke Tests","Data Export Format"],"fullName":"Critical Paths - Smoke Tests Data Export Format should format lead for CSV export","status":"passed","title":"should format lead for CSV export","duration":1.0012460000002648,"failureMessages":[],"meta":{},"tags":[]},{"ancestorTitles":["Critical Paths - Smoke Tests","Data Export Format"],"fullName":"Critical Paths - Smoke Tests Data Export Format should format WhatsApp export URL","status":"passed","title":"should format WhatsApp export URL","duration":0.52881699999989,"failureMessages":[],"meta":{},"tags":[]},{"ancestorTitles":["Critical Paths - Smoke Tests","Follow-up Sequence"],"fullName":"Critical Paths - Smoke Tests Follow-up Sequence should calculate next follow-up date","status":"passed","title":"should calculate next follow-up date","duration":0.2664629999999306,"failureMessages":[],"meta":{},"tags":[]},{"ancestorTitles":["Critical Paths - Smoke Tests","Follow-up Sequence"],"fullName":"Critical Paths - Smoke Tests Follow-up Sequence should detect cooling leads","status":"passed","title":"should detect cooling leads","duration":0.16388199999983044,"failureMessages":[],"meta":{},"tags":[]},{"ancestorTitles":["Critical Paths - Smoke Tests","Error Recovery"],"fullName":"Critical Paths - Smoke Tests Error Recovery should classify error severity","status":"passed","title":"should classify error severity","duration":0.1952360000000226,"failureMessages":[],"meta":{},"tags":[]},{"ancestorTitles":["Critical Paths - Smoke Tests","Error Recovery"],"fullName":"Critical Paths - Smoke Tests Error Recovery should determine if error is recoverable","status":"passed","title":"should determine if error is recoverable","duration":0.13199399999984962,"failureMessages":[],"meta":{},"tags":[]},{"ancestorTitles":["Critical Paths - Smoke Tests","Job Status Transitions"],"fullName":"Critical Paths - Smoke Tests Job Status Transitions should validate job status transitions","status":"passed","title":"should validate job status transitions","duration":0.17287200000009761,"failureMessages":[],"meta":{},"tags":[]},{"ancestorTitles":["Critical Paths - Smoke Tests","Search & Filter"],"fullName":"Critical Paths - Smoke Tests Search & Filter should filter leads by criteria","status":"passed","title":"should filter leads by criteria","duration":2.645455000000311,"failureMessages":[],"meta":{},"tags":[]},{"ancestorTitles":["Critical Paths - Smoke Tests","Search & Filter"],"fullName":"Critical Paths - Smoke Tests Search & Filter should search leads by text","status":"passed","title":"should search leads by text","duration":0.6766179999999622,"failureMessages":[],"meta":{},"tags":[]}],"startTime":1778698336545,"endTime":1778698336560.6765,"status":"passed","message":"","name":"/dev-server/src/tests/critical-paths.smoke.test.ts"},{"assertionResults":[{"ancestorTitles":["SiteFooter Snapshot"],"fullName":"SiteFooter Snapshot renders correctly and matches snapshot","status":"failed","title":"renders correctly and matches snapshot","duration":139.53505500000028,"failureMessages":["Error: Snapshot `SiteFooter Snapshot > renders correctly and matches snapshot 1` mismatched\n    at assertMatchResult (file:///dev-server/node_modules/vitest/dist/chunks/test.DNmyFkvJ.js:4027:23)\n    at Proxy.<anonymous> (file:///dev-server/node_modules/vitest/dist/chunks/test.DNmyFkvJ.js:3883:10)\n    at Proxy.<anonymous> (file:///dev-server/node_modules/@vitest/expect/dist/index.js:1156:15)\n    at Proxy.methodWrapper (file:///dev-server/node_modules/chai/index.js:1700:25)\n    at /dev-server/src/tests/icons-footer.test.tsx:10:26\n    at file:///dev-server/node_modules/@vitest/runner/dist/chunk-artifact.js:302:11\n    at file:///dev-server/node_modules/@vitest/runner/dist/chunk-artifact.js:1903:26\n    at file:///dev-server/node_modules/@vitest/runner/dist/chunk-artifact.js:2326:20\n    at new Promise (<anonymous>)\n    at runWithCancel (file:///dev-server/node_modules/@vitest/runner/dist/chunk-artifact.js:2323:10)"],"meta":{},"tags":[]},{"ancestorTitles":["SafeIcon System"],"fullName":"SafeIcon System renders an existing icon","status":"passed","title":"renders an existing icon","duration":15.736666999999215,"failureMessages":[],"meta":{},"tags":[]},{"ancestorTitles":["SafeIcon System"],"fullName":"SafeIcon System renders fallback for missing icon","status":"passed","title":"renders fallback for missing icon","duration":8.23819899999944,"failureMessages":[],"meta":{},"tags":[]}],"startTime":1778698333695,"endTime":1778698333859.2383,"status":"failed","message":"","name":"/dev-server/src/tests/icons-footer.test.tsx"},{"assertionResults":[],"startTime":1778698323957,"endTime":1778698323957,"status":"failed","message":"\n[import-protection] Import denied in client environment\n\n  Denied by file pattern: **/server/**\n  Importer: src/tests/jobs.smoke.test.ts:40:11\n  Import: \"../server/jobs.server\"\n  Resolved: src/server/jobs.server.ts\n\n  Trace:\n    1. src/tests/jobs.smoke.test.ts:40:11 (entry) (import \"../server/jobs.server\")\n\n  Code:\n    38 |     });\n    39 | \n  > 40 |     await internalEnqueueJob({\n       |           ^\n    41 |       tipo: 'test',\n    42 |       payload: {},\n\n  src/tests/jobs.smoke.test.ts:40:11\n\n  Suggestions:\n    - Use createServerFn().handler(() => ...) to keep the logic on the server and call it from the client via an RPC bridge\n    - Use createServerOnlyFn(() => ...) to mark it as server-only (it will throw if accidentally called from the client)\n    - Use createIsomorphicFn().client(() => ...).server(() => ...) to provide separate client and server implementations\n    - Move the server-only import out of this file into a separate .server.ts module that is not imported by any client code\n","name":"/dev-server/src/tests/jobs.smoke.test.ts"},{"assertionResults":[{"ancestorTitles":["Gerador de Site - Testes de Unidade (Smoke)"],"fullName":"Gerador de Site - Testes de Unidade (Smoke) Deve gerar seções do site com base nas características extraídas","status":"passed","title":"Deve gerar seções do site com base nas características extraídas","duration":2.923439000000144,"failureMessages":[],"meta":{},"tags":[]},{"ancestorTitles":["Gerador de Site - Testes de Unidade (Smoke)"],"fullName":"Gerador de Site - Testes de Unidade (Smoke) Deve simular salvamento de alterações","status":"passed","title":"Deve simular salvamento de alterações","duration":0.5759950000001481,"failureMessages":[],"meta":{},"tags":[]}],"startTime":1778698336610,"endTime":1778698336613.576,"status":"passed","message":"","name":"/dev-server/src/tests/smoke.test.ts"},{"assertionResults":[{"ancestorTitles":["Biblioteca de Templates - Integridade de Dados"],"fullName":"Biblioteca de Templates - Integridade de Dados Todos os templates devem ter os campos obrigatórios preenchidos","status":"passed","title":"Todos os templates devem ter os campos obrigatórios preenchidos","duration":7.574951999999939,"failureMessages":[],"meta":{},"tags":[]},{"ancestorTitles":["Biblioteca de Templates - Integridade de Dados"],"fullName":"Biblioteca de Templates - Integridade de Dados Todos os templates premium devem ter o tom configurado como \"Premium\"","status":"passed","title":"Todos os templates premium devem ter o tom configurado como \"Premium\"","duration":0.8229400000000169,"failureMessages":[],"meta":{},"tags":[]},{"ancestorTitles":["Biblioteca de Templates - Integridade de Dados"],"fullName":"Biblioteca de Templates - Integridade de Dados As URLs de thumbnail devem ser válidas (Supabase ou Unsplash)","status":"passed","title":"As URLs de thumbnail devem ser válidas (Supabase ou Unsplash)","duration":0.5877540000001318,"failureMessages":[],"meta":{},"tags":[]}],"startTime":1778698336653,"endTime":1778698336662.5876,"status":"passed","message":"","name":"/dev-server/src/tests/templates.test.ts"},{"assertionResults":[{"ancestorTitles":["Smart CSV Parser","Google Maps Format"],"fullName":"Smart CSV Parser Google Maps Format should detect Google Maps format","status":"passed","title":"should detect Google Maps format","duration":4.078848999999536,"failureMessages":[],"meta":{},"tags":[]},{"ancestorTitles":["Smart CSV Parser","Google Maps Format"],"fullName":"Smart CSV Parser Google Maps Format should parse all rows","status":"passed","title":"should parse all rows","duration":0.5905320000001666,"failureMessages":[],"meta":{},"tags":[]},{"ancestorTitles":["Smart CSV Parser","Google Maps Format"],"fullName":"Smart CSV Parser Google Maps Format should extract company name correctly","status":"passed","title":"should extract company name correctly","duration":0.8477590000002238,"failureMessages":[],"meta":{},"tags":[]},{"ancestorTitles":["Smart CSV Parser","Google Maps Format"],"fullName":"Smart CSV Parser Google Maps Format should extract phone number correctly","status":"passed","title":"should extract phone number correctly","duration":0.39441699999952107,"failureMessages":[],"meta":{},"tags":[]},{"ancestorTitles":["Smart CSV Parser","Google Maps Format"],"fullName":"Smart CSV Parser Google Maps Format should extract category correctly","status":"passed","title":"should extract category correctly","duration":0.2958870000002207,"failureMessages":[],"meta":{},"tags":[]},{"ancestorTitles":["Smart CSV Parser","Google Maps Format"],"fullName":"Smart CSV Parser Google Maps Format should preserve address with commas","status":"passed","title":"should preserve address with commas","duration":0.3627120000001014,"failureMessages":[],"meta":{},"tags":[]},{"ancestorTitles":["Smart CSV Parser","Google Maps Format"],"fullName":"Smart CSV Parser Google Maps Format should extract rating from raw data","status":"passed","title":"should extract rating from raw data","duration":0.3042440000008355,"failureMessages":[],"meta":{},"tags":[]},{"ancestorTitles":["Smart CSV Parser","Google Maps Format"],"fullName":"Smart CSV Parser Google Maps Format should set correct nicho","status":"passed","title":"should set correct nicho","duration":0.2892100000008213,"failureMessages":[],"meta":{},"tags":[]},{"ancestorTitles":["Smart CSV Parser","Google Maps Format"],"fullName":"Smart CSV Parser Google Maps Format should set source as csv_import","status":"passed","title":"should set source as csv_import","duration":0.8454689999998664,"failureMessages":[],"meta":{},"tags":[]},{"ancestorTitles":["Smart CSV Parser","Standard CSV with Headers"],"fullName":"Smart CSV Parser Standard CSV with Headers should detect headers","status":"passed","title":"should detect headers","duration":1.1219070000006468,"failureMessages":[],"meta":{},"tags":[]},{"ancestorTitles":["Smart CSV Parser","Standard CSV with Headers"],"fullName":"Smart CSV Parser Standard CSV with Headers should parse all rows","status":"passed","title":"should parse all rows","duration":0.6652030000004743,"failureMessages":[],"meta":{},"tags":[]},{"ancestorTitles":["Smart CSV Parser","Standard CSV with Headers"],"fullName":"Smart CSV Parser Standard CSV with Headers should map fields correctly","status":"passed","title":"should map fields correctly","duration":0.3187190000007831,"failureMessages":[],"meta":{},"tags":[]},{"ancestorTitles":["Smart CSV Parser","Edge Cases"],"fullName":"Smart CSV Parser Edge Cases should handle empty file","status":"passed","title":"should handle empty file","duration":1.7208800000007614,"failureMessages":[],"meta":{},"tags":[]},{"ancestorTitles":["Smart CSV Parser","Edge Cases"],"fullName":"Smart CSV Parser Edge Cases should handle only whitespace","status":"passed","title":"should handle only whitespace","duration":0.28268300000127056,"failureMessages":[],"meta":{},"tags":[]},{"ancestorTitles":["Smart CSV Parser","Edge Cases"],"fullName":"Smart CSV Parser Edge Cases should skip empty lines","status":"passed","title":"should skip empty lines","duration":0.3166029999993043,"failureMessages":[],"meta":{},"tags":[]},{"ancestorTitles":["Smart CSV Parser","Edge Cases"],"fullName":"Smart CSV Parser Edge Cases should handle BOM character","status":"passed","title":"should handle BOM character","duration":0.8968210000002728,"failureMessages":[],"meta":{},"tags":[]},{"ancestorTitles":["Smart CSV Parser","Edge Cases"],"fullName":"Smart CSV Parser Edge Cases should handle line with only comma","status":"passed","title":"should handle line with only comma","duration":0.24126199999955134,"failureMessages":[],"meta":{},"tags":[]},{"ancestorTitles":["Smart CSV Parser","Validation"],"fullName":"Smart CSV Parser Validation should validate successful parse","status":"passed","title":"should validate successful parse","duration":0.2381440000008297,"failureMessages":[],"meta":{},"tags":[]},{"ancestorTitles":["Smart CSV Parser","Validation"],"fullName":"Smart CSV Parser Validation should invalidate empty result","status":"passed","title":"should invalidate empty result","duration":0.11036400000011781,"failureMessages":[],"meta":{},"tags":[]},{"ancestorTitles":["Smart CSV Parser","Real-world Scenarios"],"fullName":"Smart CSV Parser Real-world Scenarios should handle names with special characters","status":"passed","title":"should handle names with special characters","duration":0.19993800000156625,"failureMessages":[],"meta":{},"tags":[]},{"ancestorTitles":["Smart CSV Parser","Real-world Scenarios"],"fullName":"Smart CSV Parser Real-world Scenarios should handle company without phone","status":"passed","title":"should handle company without phone","duration":0.30530699999872013,"failureMessages":[],"meta":{},"tags":[]},{"ancestorTitles":["Smart CSV Parser","Real-world Scenarios"],"fullName":"Smart CSV Parser Real-world Scenarios should handle multiple rating formats","status":"passed","title":"should handle multiple rating formats","duration":1.0375769999991462,"failureMessages":[],"meta":{},"tags":[]}],"startTime":1778698333946,"endTime":1778698333963.0376,"status":"passed","message":"","name":"/dev-server/src/lib/__tests__/csv-smart-parser.test.ts"},{"assertionResults":[{"ancestorTitles":["Error Handler","AppError"],"fullName":"Error Handler AppError should create AppError with correct properties","status":"passed","title":"should create AppError with correct properties","duration":4.472848999999769,"failureMessages":[],"meta":{},"tags":[]},{"ancestorTitles":["Error Handler","AppError"],"fullName":"Error Handler AppError should default statusCode to 500","status":"passed","title":"should default statusCode to 500","duration":0.5618720000002213,"failureMessages":[],"meta":{},"tags":[]},{"ancestorTitles":["Error Handler","AppError"],"fullName":"Error Handler AppError should be instance of Error","status":"passed","title":"should be instance of Error","duration":4.932934000000387,"failureMessages":[],"meta":{},"tags":[]},{"ancestorTitles":["Error Handler","createErrorResponse"],"fullName":"Error Handler createErrorResponse should create error response with correct structure","status":"passed","title":"should create error response with correct structure","duration":0.9376950000005309,"failureMessages":[],"meta":{},"tags":[]},{"ancestorTitles":["Error Handler","createErrorResponse"],"fullName":"Error Handler createErrorResponse should create error response without details","status":"passed","title":"should create error response without details","duration":0.3458069999996951,"failureMessages":[],"meta":{},"tags":[]},{"ancestorTitles":["Error Handler","createSuccessResponse"],"fullName":"Error Handler createSuccessResponse should create success response with data","status":"passed","title":"should create success response with data","duration":0.4526709999990999,"failureMessages":[],"meta":{},"tags":[]},{"ancestorTitles":["Error Handler","createSuccessResponse"],"fullName":"Error Handler createSuccessResponse should handle array data","status":"passed","title":"should handle array data","duration":0.6355729999995674,"failureMessages":[],"meta":{},"tags":[]},{"ancestorTitles":["Error Handler","createSuccessResponse"],"fullName":"Error Handler createSuccessResponse should handle null data","status":"passed","title":"should handle null data","duration":0.3029310000001715,"failureMessages":[],"meta":{},"tags":[]},{"ancestorTitles":["Error Handler","handleServerError"],"fullName":"Error Handler handleServerError should handle AppError","status":"passed","title":"should handle AppError","duration":21.969999000000826,"failureMessages":[],"meta":{},"tags":[]},{"ancestorTitles":["Error Handler","handleServerError"],"fullName":"Error Handler handleServerError should handle rate limit error","status":"passed","title":"should handle rate limit error","duration":0.6028260000002774,"failureMessages":[],"meta":{},"tags":[]},{"ancestorTitles":["Error Handler","handleServerError"],"fullName":"Error Handler handleServerError should handle payment required error","status":"passed","title":"should handle payment required error","duration":0.866240999999718,"failureMessages":[],"meta":{},"tags":[]},{"ancestorTitles":["Error Handler","handleServerError"],"fullName":"Error Handler handleServerError should handle timeout error","status":"passed","title":"should handle timeout error","duration":1.530085999998846,"failureMessages":[],"meta":{},"tags":[]},{"ancestorTitles":["Error Handler","handleServerError"],"fullName":"Error Handler handleServerError should handle network error","status":"passed","title":"should handle network error","duration":1.295165999999881,"failureMessages":[],"meta":{},"tags":[]},{"ancestorTitles":["Error Handler","handleServerError"],"fullName":"Error Handler handleServerError should handle generic Error","status":"passed","title":"should handle generic Error","duration":2.3067659999996977,"failureMessages":[],"meta":{},"tags":[]},{"ancestorTitles":["Error Handler","handleServerError"],"fullName":"Error Handler handleServerError should handle unknown error type","status":"passed","title":"should handle unknown error type","duration":0.4329020000004675,"failureMessages":[],"meta":{},"tags":[]},{"ancestorTitles":["Error Handler","withRetry"],"fullName":"Error Handler withRetry should succeed on first attempt","status":"passed","title":"should succeed on first attempt","duration":1.936467999999877,"failureMessages":[],"meta":{},"tags":[]},{"ancestorTitles":["Error Handler","withRetry"],"fullName":"Error Handler withRetry should retry on failure and eventually succeed","status":"passed","title":"should retry on failure and eventually succeed","duration":30.974899000000732,"failureMessages":[],"meta":{},"tags":[]},{"ancestorTitles":["Error Handler","withRetry"],"fullName":"Error Handler withRetry should throw after max attempts","status":"passed","title":"should throw after max attempts","duration":15.452132000000347,"failureMessages":[],"meta":{},"tags":[]},{"ancestorTitles":["Error Handler","withRetry"],"fullName":"Error Handler withRetry should not retry on non-retryable errors","status":"passed","title":"should not retry on non-retryable errors","duration":1.9875709999996616,"failureMessages":[],"meta":{},"tags":[]},{"ancestorTitles":["Error Handler","withRetry"],"fullName":"Error Handler withRetry should call onRetry callback","status":"passed","title":"should call onRetry callback","duration":17.822463999998945,"failureMessages":[],"meta":{},"tags":[]},{"ancestorTitles":["Error Handler","createUserFriendlyErrorResponse"],"fullName":"Error Handler createUserFriendlyErrorResponse should create response with user-friendly message","status":"passed","title":"should create response with user-friendly message","duration":0.6392930000001797,"failureMessages":[],"meta":{},"tags":[]},{"ancestorTitles":["Error Handler","createUserFriendlyErrorResponse"],"fullName":"Error Handler createUserFriendlyErrorResponse should include technical details in response","status":"passed","title":"should include technical details in response","duration":0.21149700000023586,"failureMessages":[],"meta":{},"tags":[]},{"ancestorTitles":["Error Handler","handleServerErrorWithUserMessage"],"fullName":"Error Handler handleServerErrorWithUserMessage should handle rate limit with user-friendly message","status":"passed","title":"should handle rate limit with user-friendly message","duration":1.081399999999121,"failureMessages":[],"meta":{},"tags":[]},{"ancestorTitles":["Error Handler","handleServerErrorWithUserMessage"],"fullName":"Error Handler handleServerErrorWithUserMessage should handle timeout with user-friendly message","status":"passed","title":"should handle timeout with user-friendly message","duration":1.418308000000252,"failureMessages":[],"meta":{},"tags":[]},{"ancestorTitles":["Error Handler","handleServerErrorWithUserMessage"],"fullName":"Error Handler handleServerErrorWithUserMessage should handle network error with user-friendly message","status":"passed","title":"should handle network error with user-friendly message","duration":1.093806000000768,"failureMessages":[],"meta":{},"tags":[]},{"ancestorTitles":["Error Handler","handleServerErrorWithUserMessage"],"fullName":"Error Handler handleServerErrorWithUserMessage should handle validation error","status":"passed","title":"should handle validation error","duration":0.5114840000005643,"failureMessages":[],"meta":{},"tags":[]},{"ancestorTitles":["Error Handler","handleServerErrorWithUserMessage"],"fullName":"Error Handler handleServerErrorWithUserMessage should handle duplicate error","status":"passed","title":"should handle duplicate error","duration":0.42964000000029046,"failureMessages":[],"meta":{},"tags":[]},{"ancestorTitles":["Error Handler","isErrorRecoverable"],"fullName":"Error Handler isErrorRecoverable should check if error is recoverable","status":"passed","title":"should check if error is recoverable","duration":0.2494509999996808,"failureMessages":[],"meta":{},"tags":[]},{"ancestorTitles":["Error Handler","isErrorRecoverable"],"fullName":"Error Handler isErrorRecoverable should handle undefined recoverable field","status":"passed","title":"should handle undefined recoverable field","duration":0.15130500000122993,"failureMessages":[],"meta":{},"tags":[]},{"ancestorTitles":["Error Handler","getResponseErrorSeverity"],"fullName":"Error Handler getResponseErrorSeverity should return severity from response","status":"passed","title":"should return severity from response","duration":0.20017799999914132,"failureMessages":[],"meta":{},"tags":[]},{"ancestorTitles":["Error Handler","getResponseErrorSeverity"],"fullName":"Error Handler getResponseErrorSeverity should handle low severity errors","status":"passed","title":"should handle low severity errors","duration":0.17080999999961932,"failureMessages":[],"meta":{},"tags":[]},{"ancestorTitles":["Error Handler","Error Codes"],"fullName":"Error Handler Error Codes should have all error codes defined","status":"passed","title":"should have all error codes defined","duration":0.29764999999861175,"failureMessages":[],"meta":{},"tags":[]}],"startTime":1778698332891,"endTime":1778698333009.2976,"status":"passed","message":"","name":"/dev-server/src/lib/__tests__/error-handler.test.ts"},{"assertionResults":[{"ancestorTitles":["Error Messages","ERROR_MESSAGES mapping"],"fullName":"Error Messages ERROR_MESSAGES mapping should have all required error codes defined","status":"passed","title":"should have all required error codes defined","duration":10.999401999999463,"failureMessages":[],"meta":{},"tags":[]},{"ancestorTitles":["Error Messages","ERROR_MESSAGES mapping"],"fullName":"Error Messages ERROR_MESSAGES mapping should have all messages in Portuguese","status":"passed","title":"should have all messages in Portuguese","duration":42.333300999998755,"failureMessages":[],"meta":{},"tags":[]},{"ancestorTitles":["Error Messages","ERROR_MESSAGES mapping"],"fullName":"Error Messages ERROR_MESSAGES mapping should have at least one suggestion for each error","status":"passed","title":"should have at least one suggestion for each error","duration":5.28126599999996,"failureMessages":[],"meta":{},"tags":[]},{"ancestorTitles":["Error Messages","ERROR_MESSAGES mapping"],"fullName":"Error Messages ERROR_MESSAGES mapping should have valid severity levels","status":"passed","title":"should have valid severity levels","duration":3.516724000000977,"failureMessages":[],"meta":{},"tags":[]},{"ancestorTitles":["Error Messages","ERROR_MESSAGES mapping"],"fullName":"Error Messages ERROR_MESSAGES mapping should have boolean recoverable field","status":"passed","title":"should have boolean recoverable field","duration":1.1005660000009811,"failureMessages":[],"meta":{},"tags":[]},{"ancestorTitles":["Error Messages","getErrorMessage"],"fullName":"Error Messages getErrorMessage should return correct message for valid code","status":"passed","title":"should return correct message for valid code","duration":0.36474899999848276,"failureMessages":[],"meta":{},"tags":[]},{"ancestorTitles":["Error Messages","getErrorMessage"],"fullName":"Error Messages getErrorMessage should return UNKNOWN_ERROR for invalid code","status":"passed","title":"should return UNKNOWN_ERROR for invalid code","duration":0.32260800000040035,"failureMessages":[],"meta":{},"tags":[]},{"ancestorTitles":["Error Messages","getErrorMessage"],"fullName":"Error Messages getErrorMessage should return network error details correctly","status":"passed","title":"should return network error details correctly","duration":0.4900440000001254,"failureMessages":[],"meta":{},"tags":[]},{"ancestorTitles":["Error Messages","formatError"],"fullName":"Error Messages formatError should format error with user-friendly message","status":"passed","title":"should format error with user-friendly message","duration":1.3427300000003015,"failureMessages":[],"meta":{},"tags":[]},{"ancestorTitles":["Error Messages","formatError"],"fullName":"Error Messages formatError should format without technical details","status":"passed","title":"should format without technical details","duration":0.6048829999999725,"failureMessages":[],"meta":{},"tags":[]},{"ancestorTitles":["Error Messages","isRecoverableError"],"fullName":"Error Messages isRecoverableError should return true for recoverable errors","status":"passed","title":"should return true for recoverable errors","duration":2.131371000001309,"failureMessages":[],"meta":{},"tags":[]},{"ancestorTitles":["Error Messages","isRecoverableError"],"fullName":"Error Messages isRecoverableError should return false for non-recoverable errors","status":"passed","title":"should return false for non-recoverable errors","duration":0.34631500000068627,"failureMessages":[],"meta":{},"tags":[]},{"ancestorTitles":["Error Messages","getErrorSeverity"],"fullName":"Error Messages getErrorSeverity should return correct severity for each error","status":"passed","title":"should return correct severity for each error","duration":1.5576229999987845,"failureMessages":[],"meta":{},"tags":[]},{"ancestorTitles":["Error Messages","Authentication Errors"],"fullName":"Error Messages Authentication Errors should have AUTH_INVALID_CREDENTIALS with correct message","status":"passed","title":"should have AUTH_INVALID_CREDENTIALS with correct message","duration":0.2464239999990241,"failureMessages":[],"meta":{},"tags":[]},{"ancestorTitles":["Error Messages","Authentication Errors"],"fullName":"Error Messages Authentication Errors should have AUTH_SESSION_EXPIRED as recoverable","status":"passed","title":"should have AUTH_SESSION_EXPIRED as recoverable","duration":0.12327700000059849,"failureMessages":[],"meta":{},"tags":[]},{"ancestorTitles":["Error Messages","Authentication Errors"],"fullName":"Error Messages Authentication Errors should have AUTH_UNAUTHORIZED as non-recoverable","status":"passed","title":"should have AUTH_UNAUTHORIZED as non-recoverable","duration":0.09458900000026915,"failureMessages":[],"meta":{},"tags":[]},{"ancestorTitles":["Error Messages","Network Errors"],"fullName":"Error Messages Network Errors should have NETWORK_OFFLINE with high severity","status":"passed","title":"should have NETWORK_OFFLINE with high severity","duration":0.10723499999949127,"failureMessages":[],"meta":{},"tags":[]},{"ancestorTitles":["Error Messages","Network Errors"],"fullName":"Error Messages Network Errors should have NETWORK_TIMEOUT as recoverable","status":"passed","title":"should have NETWORK_TIMEOUT as recoverable","duration":0.08530299999983981,"failureMessages":[],"meta":{},"tags":[]},{"ancestorTitles":["Error Messages","Data Errors"],"fullName":"Error Messages Data Errors should have DATA_DUPLICATE as low severity","status":"passed","title":"should have DATA_DUPLICATE as low severity","duration":0.10004200000003038,"failureMessages":[],"meta":{},"tags":[]},{"ancestorTitles":["Error Messages","Data Errors"],"fullName":"Error Messages Data Errors should have DATA_VALIDATION_ERROR with helpful suggestions","status":"passed","title":"should have DATA_VALIDATION_ERROR with helpful suggestions","duration":0.1717900000003283,"failureMessages":[],"meta":{},"tags":[]},{"ancestorTitles":["Error Messages","Import Errors"],"fullName":"Error Messages Import Errors should have IMPORT_INVALID_FORMAT with template suggestion","status":"passed","title":"should have IMPORT_INVALID_FORMAT with template suggestion","duration":0.17153800000050978,"failureMessages":[],"meta":{},"tags":[]},{"ancestorTitles":["Error Messages","Import Errors"],"fullName":"Error Messages Import Errors should have IMPORT_TOO_LARGE with size info","status":"passed","title":"should have IMPORT_TOO_LARGE with size info","duration":0.13770099999965169,"failureMessages":[],"meta":{},"tags":[]}],"startTime":1778698333203,"endTime":1778698333277.1716,"status":"passed","message":"","name":"/dev-server/src/lib/__tests__/error-messages.test.ts"},{"assertionResults":[{"ancestorTitles":["Logger","debug"],"fullName":"Logger debug should log debug message","status":"passed","title":"should log debug message","duration":6.296646000000692,"failureMessages":[],"meta":{},"tags":[]},{"ancestorTitles":["Logger","debug"],"fullName":"Logger debug should log debug message with context","status":"passed","title":"should log debug message with context","duration":0.7929679999997461,"failureMessages":[],"meta":{},"tags":[]},{"ancestorTitles":["Logger","info"],"fullName":"Logger info should log info message","status":"passed","title":"should log info message","duration":2.1879030000000057,"failureMessages":[],"meta":{},"tags":[]},{"ancestorTitles":["Logger","info"],"fullName":"Logger info should log info message with context","status":"passed","title":"should log info message with context","duration":0.8901000000005297,"failureMessages":[],"meta":{},"tags":[]},{"ancestorTitles":["Logger","warn"],"fullName":"Logger warn should log warning message","status":"passed","title":"should log warning message","duration":0.5095350000010512,"failureMessages":[],"meta":{},"tags":[]},{"ancestorTitles":["Logger","warn"],"fullName":"Logger warn should log warning with context","status":"passed","title":"should log warning with context","duration":0.5957269999998971,"failureMessages":[],"meta":{},"tags":[]},{"ancestorTitles":["Logger","error"],"fullName":"Logger error should log error message","status":"passed","title":"should log error message","duration":0.5315210000007937,"failureMessages":[],"meta":{},"tags":[]},{"ancestorTitles":["Logger","error"],"fullName":"Logger error should log error with Error object","status":"passed","title":"should log error with Error object","duration":3.7478489999994054,"failureMessages":[],"meta":{},"tags":[]},{"ancestorTitles":["Logger","error"],"fullName":"Logger error should log error with Error object and context","status":"passed","title":"should log error with Error object and context","duration":1.7522250000001804,"failureMessages":[],"meta":{},"tags":[]},{"ancestorTitles":["Logger","error"],"fullName":"Logger error should handle undefined error","status":"passed","title":"should handle undefined error","duration":0.6481069999990723,"failureMessages":[],"meta":{},"tags":[]},{"ancestorTitles":["Logger","logger instance"],"fullName":"Logger logger instance should be a singleton","status":"passed","title":"should be a singleton","duration":0.7944829999996728,"failureMessages":[],"meta":{},"tags":[]},{"ancestorTitles":["Logger","logger instance"],"fullName":"Logger logger instance should handle empty context","status":"passed","title":"should handle empty context","duration":0.2962119999992865,"failureMessages":[],"meta":{},"tags":[]},{"ancestorTitles":["Logger","logger instance"],"fullName":"Logger logger instance should handle complex context objects","status":"passed","title":"should handle complex context objects","duration":0.2864740000004531,"failureMessages":[],"meta":{},"tags":[]}],"startTime":1778698333532,"endTime":1778698333552.2961,"status":"passed","message":"","name":"/dev-server/src/lib/__tests__/logger.test.ts"},{"assertionResults":[{"ancestorTitles":["Monitoring Service","captureException"],"fullName":"Monitoring Service captureException should capture exception without throwing","status":"passed","title":"should capture exception without throwing","duration":11.038434000000052,"failureMessages":[],"meta":{},"tags":[]},{"ancestorTitles":["Monitoring Service","captureException"],"fullName":"Monitoring Service captureException should capture exception with context","status":"passed","title":"should capture exception with context","duration":5.368921999999657,"failureMessages":[],"meta":{},"tags":[]},{"ancestorTitles":["Monitoring Service","captureMessage"],"fullName":"Monitoring Service captureMessage should capture info message","status":"passed","title":"should capture info message","duration":4.463631999999052,"failureMessages":[],"meta":{},"tags":[]},{"ancestorTitles":["Monitoring Service","captureMessage"],"fullName":"Monitoring Service captureMessage should capture warning message","status":"passed","title":"should capture warning message","duration":1.7253469999996014,"failureMessages":[],"meta":{},"tags":[]},{"ancestorTitles":["Monitoring Service","captureMessage"],"fullName":"Monitoring Service captureMessage should capture error message","status":"passed","title":"should capture error message","duration":3.988117000000784,"failureMessages":[],"meta":{},"tags":[]},{"ancestorTitles":["Monitoring Service","captureMessage"],"fullName":"Monitoring Service captureMessage should capture with context","status":"passed","title":"should capture with context","duration":2.3610090000001946,"failureMessages":[],"meta":{},"tags":[]},{"ancestorTitles":["Monitoring Service","setUser"],"fullName":"Monitoring Service setUser should set user context","status":"passed","title":"should set user context","duration":1.0552729999999428,"failureMessages":[],"meta":{},"tags":[]},{"ancestorTitles":["Monitoring Service","setUser"],"fullName":"Monitoring Service setUser should clear user context","status":"passed","title":"should clear user context","duration":1.2347790000003442,"failureMessages":[],"meta":{},"tags":[]},{"ancestorTitles":["Monitoring Service","setContext"],"fullName":"Monitoring Service setContext should set context data","status":"passed","title":"should set context data","duration":1.8519390000001295,"failureMessages":[],"meta":{},"tags":[]},{"ancestorTitles":["Monitoring Service","setTag"],"fullName":"Monitoring Service setTag should set tag","status":"passed","title":"should set tag","duration":0.5480050000005576,"failureMessages":[],"meta":{},"tags":[]},{"ancestorTitles":["Monitoring Service","Breadcrumbs"],"fullName":"Monitoring Service Breadcrumbs should add breadcrumb","status":"passed","title":"should add breadcrumb","duration":0.7796999999991385,"failureMessages":[],"meta":{},"tags":[]},{"ancestorTitles":["Monitoring Service","Breadcrumbs"],"fullName":"Monitoring Service Breadcrumbs should limit breadcrumbs to max size","status":"passed","title":"should limit breadcrumbs to max size","duration":0.46734400000059395,"failureMessages":[],"meta":{},"tags":[]},{"ancestorTitles":["Monitoring Service","Breadcrumbs"],"fullName":"Monitoring Service Breadcrumbs should clear breadcrumbs","status":"passed","title":"should clear breadcrumbs","duration":1.1844170000003942,"failureMessages":[],"meta":{},"tags":[]},{"ancestorTitles":["Monitoring Service","Breadcrumbs"],"fullName":"Monitoring Service Breadcrumbs should add timestamp to breadcrumbs","status":"passed","title":"should add timestamp to breadcrumbs","duration":0.4864500000003318,"failureMessages":[],"meta":{},"tags":[]},{"ancestorTitles":["Monitoring Service","Performance Metrics"],"fullName":"Monitoring Service Performance Metrics should track metric","status":"passed","title":"should track metric","duration":0.8996220000008179,"failureMessages":[],"meta":{},"tags":[]},{"ancestorTitles":["Monitoring Service","Performance Metrics"],"fullName":"Monitoring Service Performance Metrics should start and finish transaction","status":"passed","title":"should start and finish transaction","duration":0.8610420000004524,"failureMessages":[],"meta":{},"tags":[]},{"ancestorTitles":["Monitoring Service","Performance Metrics"],"fullName":"Monitoring Service Performance Metrics should set tags on transaction","status":"passed","title":"should set tags on transaction","duration":0.559504000000743,"failureMessages":[],"meta":{},"tags":[]},{"ancestorTitles":["Monitoring Service","Flush"],"fullName":"Monitoring Service Flush should flush without errors","status":"passed","title":"should flush without errors","duration":1.179548000000068,"failureMessages":[],"meta":{},"tags":[]},{"ancestorTitles":["Monitoring Service","Init"],"fullName":"Monitoring Service Init should initialize with default config","status":"passed","title":"should initialize with default config","duration":0.5823270000000775,"failureMessages":[],"meta":{},"tags":[]},{"ancestorTitles":["Monitoring Service","Init"],"fullName":"Monitoring Service Init should initialize with custom config","status":"passed","title":"should initialize with custom config","duration":0.5448140000007697,"failureMessages":[],"meta":{},"tags":[]}],"startTime":1778698333207,"endTime":1778698333251.545,"status":"passed","message":"","name":"/dev-server/src/lib/__tests__/monitoring.test.ts"},{"assertionResults":[{"ancestorTitles":["Performance Tracker","Marks"],"fullName":"Performance Tracker Marks should start and end mark","status":"passed","title":"should start and end mark","duration":4.857244999999239,"failureMessages":[],"meta":{},"tags":[]},{"ancestorTitles":["Performance Tracker","Marks"],"fullName":"Performance Tracker Marks should return 0 for non-existent mark","status":"passed","title":"should return 0 for non-existent mark","duration":1.3174780000008468,"failureMessages":[],"meta":{},"tags":[]},{"ancestorTitles":["Performance Tracker","Marks"],"fullName":"Performance Tracker Marks should support tags on marks","status":"passed","title":"should support tags on marks","duration":4.071905000000697,"failureMessages":[],"meta":{},"tags":[]},{"ancestorTitles":["Performance Tracker","Record Metric"],"fullName":"Performance Tracker Record Metric should record custom metric","status":"passed","title":"should record custom metric","duration":1.2183059999988473,"failureMessages":[],"meta":{},"tags":[]},{"ancestorTitles":["Performance Tracker","Record Metric"],"fullName":"Performance Tracker Record Metric should record metric with tags","status":"passed","title":"should record metric with tags","duration":1.125770000000557,"failureMessages":[],"meta":{},"tags":[]},{"ancestorTitles":["Performance Tracker","Measure Async"],"fullName":"Performance Tracker Measure Async should measure async operation","status":"passed","title":"should measure async operation","duration":12.098092000000179,"failureMessages":[],"meta":{},"tags":[]},{"ancestorTitles":["Performance Tracker","Measure Async"],"fullName":"Performance Tracker Measure Async should record metric even when async fails","status":"passed","title":"should record metric even when async fails","duration":3.256980999998632,"failureMessages":[],"meta":{},"tags":[]},{"ancestorTitles":["Performance Tracker","Measure Sync"],"fullName":"Performance Tracker Measure Sync should measure sync operation","status":"passed","title":"should measure sync operation","duration":1.3335059999990335,"failureMessages":[],"meta":{},"tags":[]},{"ancestorTitles":["Performance Tracker","Measure Sync"],"fullName":"Performance Tracker Measure Sync should record metric even when sync fails","status":"passed","title":"should record metric even when sync fails","duration":1.8222210000003543,"failureMessages":[],"meta":{},"tags":[]},{"ancestorTitles":["Performance Tracker","Web Vitals"],"fullName":"Performance Tracker Web Vitals should record web vital","status":"passed","title":"should record web vital","duration":1.342638000000079,"failureMessages":[],"meta":{},"tags":[]},{"ancestorTitles":["Performance Tracker","Web Vitals"],"fullName":"Performance Tracker Web Vitals should record poor web vital","status":"passed","title":"should record poor web vital","duration":1.4485189999995782,"failureMessages":[],"meta":{},"tags":[]},{"ancestorTitles":["Performance Tracker","Clear Metrics"],"fullName":"Performance Tracker Clear Metrics should clear all metrics","status":"passed","title":"should clear all metrics","duration":1.4204760000011447,"failureMessages":[],"meta":{},"tags":[]},{"ancestorTitles":["Performance Tracker","Web Vitals Thresholds"],"fullName":"Performance Tracker Web Vitals Thresholds should have correct thresholds defined","status":"passed","title":"should have correct thresholds defined","duration":1.7240619999993214,"failureMessages":[],"meta":{},"tags":[]},{"ancestorTitles":["Performance Tracker","Render Timer"],"fullName":"Performance Tracker Render Timer should create render timer","status":"passed","title":"should create render timer","duration":0.4781199999997625,"failureMessages":[],"meta":{},"tags":[]}],"startTime":1778698332949,"endTime":1778698332988.478,"status":"passed","message":"","name":"/dev-server/src/lib/__tests__/performance.test.ts"},{"assertionResults":[{"ancestorTitles":["Rate Limiter","Sliding Window Limiter"],"fullName":"Rate Limiter Sliding Window Limiter should allow requests within limit","status":"passed","title":"should allow requests within limit","duration":23.229801999999836,"failureMessages":[],"meta":{},"tags":[]},{"ancestorTitles":["Rate Limiter","Sliding Window Limiter"],"fullName":"Rate Limiter Sliding Window Limiter should throw when limit exceeded","status":"passed","title":"should throw when limit exceeded","duration":2.6537090000001626,"failureMessages":[],"meta":{},"tags":[]},{"ancestorTitles":["Rate Limiter","Sliding Window Limiter"],"fullName":"Rate Limiter Sliding Window Limiter should reset after window expires","status":"passed","title":"should reset after window expires","duration":153.38177799999903,"failureMessages":[],"meta":{},"tags":[]},{"ancestorTitles":["Rate Limiter","withRateLimit"],"fullName":"Rate Limiter withRateLimit should execute function when not rate limited","status":"passed","title":"should execute function when not rate limited","duration":11.376829999999245,"failureMessages":[],"meta":{},"tags":[]},{"ancestorTitles":["Rate Limiter","withRateLimit"],"fullName":"Rate Limiter withRateLimit should throw when rate limited","status":"passed","title":"should throw when rate limited","duration":4.615885000001072,"failureMessages":[],"meta":{},"tags":[]},{"ancestorTitles":["Rate Limiter","Status Methods"],"fullName":"Rate Limiter Status Methods should report correct status","status":"passed","title":"should report correct status","duration":1.5539570000000822,"failureMessages":[],"meta":{},"tags":[]},{"ancestorTitles":["Rate Limiter","Status Methods"],"fullName":"Rate Limiter Status Methods should detect when rate limited","status":"passed","title":"should detect when rate limited","duration":0.7425980000007257,"failureMessages":[],"meta":{},"tags":[]},{"ancestorTitles":["Rate Limiter","Status Methods"],"fullName":"Rate Limiter Status Methods should return null for non-existent key","status":"passed","title":"should return null for non-existent key","duration":0.29355499999837775,"failureMessages":[],"meta":{},"tags":[]},{"ancestorTitles":["Rate Limiter","Status Methods"],"fullName":"Rate Limiter Status Methods should return 0 reset time for non-existent key","status":"passed","title":"should return 0 reset time for non-existent key","duration":0.7565709999998944,"failureMessages":[],"meta":{},"tags":[]},{"ancestorTitles":["Rate Limiter","Reset"],"fullName":"Rate Limiter Reset should reset specific limiter","status":"passed","title":"should reset specific limiter","duration":1.1295269999991433,"failureMessages":[],"meta":{},"tags":[]},{"ancestorTitles":["Rate Limiter","Reset"],"fullName":"Rate Limiter Reset should reset all limiters","status":"passed","title":"should reset all limiters","duration":0.8285020000002987,"failureMessages":[],"meta":{},"tags":[]},{"ancestorTitles":["Rate Limiter","Predefined Rate Limits"],"fullName":"Rate Limiter Predefined Rate Limits should have Google Places config","status":"passed","title":"should have Google Places config","duration":0.44821500000034575,"failureMessages":[],"meta":{},"tags":[]},{"ancestorTitles":["Rate Limiter","Predefined Rate Limits"],"fullName":"Rate Limiter Predefined Rate Limits should have Brasil API config","status":"passed","title":"should have Brasil API config","duration":0.28154600000016217,"failureMessages":[],"meta":{},"tags":[]},{"ancestorTitles":["Rate Limiter","Predefined Rate Limits"],"fullName":"Rate Limiter Predefined Rate Limits should have Receita WS config","status":"passed","title":"should have Receita WS config","duration":0.1778809999996156,"failureMessages":[],"meta":{},"tags":[]},{"ancestorTitles":["Rate Limiter","Predefined Rate Limits"],"fullName":"Rate Limiter Predefined Rate Limits should have Lead Import config","status":"passed","title":"should have Lead Import config","duration":0.4774539999998524,"failureMessages":[],"meta":{},"tags":[]},{"ancestorTitles":["Rate Limiter","Token Bucket"],"fullName":"Rate Limiter Token Bucket should create and use token bucket","status":"passed","title":"should create and use token bucket","duration":1.056789000000208,"failureMessages":[],"meta":{},"tags":[]},{"ancestorTitles":["Rate Limiter","Token Bucket"],"fullName":"Rate Limiter Token Bucket should execute with token bucket","status":"passed","title":"should execute with token bucket","duration":0.8297809999985475,"failureMessages":[],"meta":{},"tags":[]},{"ancestorTitles":["Rate Limiter","Get All Statuses"],"fullName":"Rate Limiter Get All Statuses should return all rate limiter statuses","status":"passed","title":"should return all rate limiter statuses","duration":1.1145390000001498,"failureMessages":[],"meta":{},"tags":[]}],"startTime":1778698332894,"endTime":1778698333101.1145,"status":"passed","message":"","name":"/dev-server/src/lib/__tests__/rate-limiter.test.ts"},{"assertionResults":[],"startTime":1778698323957,"endTime":1778698323957,"status":"failed","message":"[vitest] No \"createServerFn\" export is defined on the \"@tanstack/react-start\" mock. Did you forget to return it from \"vi.mock\"?\nIf you need to partially mock a module, you can use \"importOriginal\" helper inside:\n","name":"/dev-server/src/components/integrations/__tests__/SendToMakeDialog.test.tsx"},{"assertionResults":[{"ancestorTitles":["CRM Store","Initial State"],"fullName":"CRM Store Initial State should have null pipeline stats","status":"passed","title":"should have null pipeline stats","duration":6.487041000000318,"failureMessages":[],"meta":{},"tags":[]},{"ancestorTitles":["CRM Store","Initial State"],"fullName":"CRM Store Initial State should not be loading initially","status":"passed","title":"should not be loading initially","duration":1.4156419999999343,"failureMessages":[],"meta":{},"tags":[]},{"ancestorTitles":["CRM Store","Initial State"],"fullName":"CRM Store Initial State should have empty activities","status":"passed","title":"should have empty activities","duration":1.705750999999509,"failureMessages":[],"meta":{},"tags":[]},{"ancestorTitles":["CRM Store","Initial State"],"fullName":"CRM Store Initial State should have empty tasks","status":"passed","title":"should have empty tasks","duration":0.8117910000000848,"failureMessages":[],"meta":{},"tags":[]},{"ancestorTitles":["CRM Store","Initial State"],"fullName":"CRM Store Initial State should have empty notifications","status":"passed","title":"should have empty notifications","duration":1.1531319999994594,"failureMessages":[],"meta":{},"tags":[]},{"ancestorTitles":["CRM Store","Initial State"],"fullName":"CRM Store Initial State should have default active view as pipeline","status":"passed","title":"should have default active view as pipeline","duration":0.5869839999995747,"failureMessages":[],"meta":{},"tags":[]},{"ancestorTitles":["CRM Store","Activity Actions"],"fullName":"CRM Store Activity Actions should create an activity","status":"passed","title":"should create an activity","duration":4.169073000000935,"failureMessages":[],"meta":{},"tags":[]},{"ancestorTitles":["CRM Store","Activity Actions"],"fullName":"CRM Store Activity Actions should add activity to recent activities","status":"passed","title":"should add activity to recent activities","duration":1.7268210000002,"failureMessages":[],"meta":{},"tags":[]},{"ancestorTitles":["CRM Store","Activity Actions"],"fullName":"CRM Store Activity Actions should limit recent activities to 10","status":"passed","title":"should limit recent activities to 10","duration":5.783498000000691,"failureMessages":[],"meta":{},"tags":[]},{"ancestorTitles":["CRM Store","Task Actions"],"fullName":"CRM Store Task Actions should create a task","status":"passed","title":"should create a task","duration":1.7016629999998258,"failureMessages":[],"meta":{},"tags":[]},{"ancestorTitles":["CRM Store","Task Actions"],"fullName":"CRM Store Task Actions should update a task","status":"passed","title":"should update a task","duration":1.6618879999987257,"failureMessages":[],"meta":{},"tags":[]},{"ancestorTitles":["CRM Store","Task Actions"],"fullName":"CRM Store Task Actions should complete a task","status":"passed","title":"should complete a task","duration":1.6896710000000894,"failureMessages":[],"meta":{},"tags":[]},{"ancestorTitles":["CRM Store","Task Actions"],"fullName":"CRM Store Task Actions should delete a task","status":"passed","title":"should delete a task","duration":1.2523619999992661,"failureMessages":[],"meta":{},"tags":[]},{"ancestorTitles":["CRM Store","Notification Actions"],"fullName":"CRM Store Notification Actions should add a notification","status":"passed","title":"should add a notification","duration":0.9763629999997647,"failureMessages":[],"meta":{},"tags":[]},{"ancestorTitles":["CRM Store","Notification Actions"],"fullName":"CRM Store Notification Actions should mark notification as read","status":"passed","title":"should mark notification as read","duration":0.9390720000010333,"failureMessages":[],"meta":{},"tags":[]},{"ancestorTitles":["CRM Store","Notification Actions"],"fullName":"CRM Store Notification Actions should not decrease unread count when marking already read notification","status":"passed","title":"should not decrease unread count when marking already read notification","duration":0.7069979999996576,"failureMessages":[],"meta":{},"tags":[]},{"ancestorTitles":["CRM Store","Notification Actions"],"fullName":"CRM Store Notification Actions should mark all notifications as read","status":"passed","title":"should mark all notifications as read","duration":0.7435249999998632,"failureMessages":[],"meta":{},"tags":[]},{"ancestorTitles":["CRM Store","Notification Actions"],"fullName":"CRM Store Notification Actions should clear a notification","status":"passed","title":"should clear a notification","duration":0.9487150000004476,"failureMessages":[],"meta":{},"tags":[]},{"ancestorTitles":["CRM Store","Notification Actions"],"fullName":"CRM Store Notification Actions should clear all notifications","status":"passed","title":"should clear all notifications","duration":0.9097019999990152,"failureMessages":[],"meta":{},"tags":[]},{"ancestorTitles":["CRM Store","UI Actions"],"fullName":"CRM Store UI Actions should set selected lead","status":"passed","title":"should set selected lead","duration":0.6924980000003416,"failureMessages":[],"meta":{},"tags":[]},{"ancestorTitles":["CRM Store","UI Actions"],"fullName":"CRM Store UI Actions should clear selected lead","status":"passed","title":"should clear selected lead","duration":0.8334880000002158,"failureMessages":[],"meta":{},"tags":[]},{"ancestorTitles":["CRM Store","UI Actions"],"fullName":"CRM Store UI Actions should change active view","status":"passed","title":"should change active view","duration":0.7823119999993651,"failureMessages":[],"meta":{},"tags":[]},{"ancestorTitles":["CRM Store","UI Actions"],"fullName":"CRM Store UI Actions should set filters","status":"passed","title":"should set filters","duration":1.1013899999998102,"failureMessages":[],"meta":{},"tags":[]},{"ancestorTitles":["CRM Store","UI Actions"],"fullName":"CRM Store UI Actions should merge filters","status":"passed","title":"should merge filters","duration":1.0905480000001262,"failureMessages":[],"meta":{},"tags":[]},{"ancestorTitles":["CRM Store","UI Actions"],"fullName":"CRM Store UI Actions should clear filters","status":"passed","title":"should clear filters","duration":1.0524580000001151,"failureMessages":[],"meta":{},"tags":[]},{"ancestorTitles":["CRM Store","UI Actions"],"fullName":"CRM Store UI Actions should update sort options","status":"passed","title":"should update sort options","duration":0.9384449999997742,"failureMessages":[],"meta":{},"tags":[]},{"ancestorTitles":["CRM Store","Pipeline Stats"],"fullName":"CRM Store Pipeline Stats should load pipeline stats","status":"failed","title":"should load pipeline stats","duration":1044.9852560000018,"failureMessages":["AssertionError: expected null not to be null\n    at /dev-server/src/modules/crm/__tests__/crm-store.test.ts:338:39\n    at processTicksAndRejections (node:internal/process/task_queues:105:5)\n    at file:///dev-server/node_modules/@vitest/runner/dist/chunk-artifact.js:1903:20"],"meta":{},"tags":[]},{"ancestorTitles":["CRM Store","Reset"],"fullName":"CRM Store Reset should reset store to initial state","status":"passed","title":"should reset store to initial state","duration":1.771944000000076,"failureMessages":[],"meta":{},"tags":[]}],"startTime":1778698332927,"endTime":1778698334016.772,"status":"failed","message":"","name":"/dev-server/src/modules/crm/__tests__/crm-store.test.ts"},{"assertionResults":[{"ancestorTitles":["Jobs Store","Initial State"],"fullName":"Jobs Store Initial State should have empty active jobs","status":"passed","title":"should have empty active jobs","duration":5.478590999999142,"failureMessages":[],"meta":{},"tags":[]},{"ancestorTitles":["Jobs Store","Initial State"],"fullName":"Jobs Store Initial State should have empty job history","status":"passed","title":"should have empty job history","duration":4.942184999999881,"failureMessages":[],"meta":{},"tags":[]},{"ancestorTitles":["Jobs Store","Initial State"],"fullName":"Jobs Store Initial State should not be polling initially","status":"passed","title":"should not be polling initially","duration":2.391555000000153,"failureMessages":[],"meta":{},"tags":[]},{"ancestorTitles":["Jobs Store","Initial State"],"fullName":"Jobs Store Initial State should have default poll interval of 5000ms","status":"passed","title":"should have default poll interval of 5000ms","duration":1.0394300000007206,"failureMessages":[],"meta":{},"tags":[]},{"ancestorTitles":["Jobs Store","Initial State"],"fullName":"Jobs Store Initial State should have no selected job","status":"passed","title":"should have no selected job","duration":0.9894949999998062,"failureMessages":[],"meta":{},"tags":[]},{"ancestorTitles":["Jobs Store","Job Creation"],"fullName":"Jobs Store Job Creation should create a new job with unique ID","status":"passed","title":"should create a new job with unique ID","duration":3.744327999998859,"failureMessages":[],"meta":{},"tags":[]},{"ancestorTitles":["Jobs Store","Job Creation"],"fullName":"Jobs Store Job Creation should add new job to active jobs list","status":"passed","title":"should add new job to active jobs list","duration":3.196157000000312,"failureMessages":[],"meta":{},"tags":[]},{"ancestorTitles":["Jobs Store","Job Creation"],"fullName":"Jobs Store Job Creation should add new job to all jobs list","status":"passed","title":"should add new job to all jobs list","duration":1.628270999999586,"failureMessages":[],"meta":{},"tags":[]},{"ancestorTitles":["Jobs Store","Job Creation"],"fullName":"Jobs Store Job Creation should start polling after creating first job","status":"passed","title":"should start polling after creating first job","duration":1.7589200000002165,"failureMessages":[],"meta":{},"tags":[]},{"ancestorTitles":["Jobs Store","Job Creation"],"fullName":"Jobs Store Job Creation should create jobs with different IDs","status":"passed","title":"should create jobs with different IDs","duration":1.6827219999995577,"failureMessages":[],"meta":{},"tags":[]},{"ancestorTitles":["Jobs Store","Job Cancellation"],"fullName":"Jobs Store Job Cancellation should cancel an active job","status":"passed","title":"should cancel an active job","duration":1.834208000000217,"failureMessages":[],"meta":{},"tags":[]},{"ancestorTitles":["Jobs Store","Job Cancellation"],"fullName":"Jobs Store Job Cancellation should remove cancelled job from active jobs","status":"passed","title":"should remove cancelled job from active jobs","duration":1.3315380000003643,"failureMessages":[],"meta":{},"tags":[]},{"ancestorTitles":["Jobs Store","Job Retrieval"],"fullName":"Jobs Store Job Retrieval should return job by ID","status":"passed","title":"should return job by ID","duration":1.054309999999532,"failureMessages":[],"meta":{},"tags":[]},{"ancestorTitles":["Jobs Store","Job Retrieval"],"fullName":"Jobs Store Job Retrieval should return null for non-existent job","status":"passed","title":"should return null for non-existent job","duration":0.8267710000000079,"failureMessages":[],"meta":{},"tags":[]},{"ancestorTitles":["Jobs Store","Job Retry"],"fullName":"Jobs Store Job Retry should create new job when retrying","status":"passed","title":"should create new job when retrying","duration":1.7094170000000304,"failureMessages":[],"meta":{},"tags":[]},{"ancestorTitles":["Jobs Store","Job Retry"],"fullName":"Jobs Store Job Retry should throw error when retrying non-existent job","status":"passed","title":"should throw error when retrying non-existent job","duration":9.430551999999807,"failureMessages":[],"meta":{},"tags":[]},{"ancestorTitles":["Jobs Store","Job Deletion"],"fullName":"Jobs Store Job Deletion should delete job from all lists","status":"passed","title":"should delete job from all lists","duration":2.7583990000002814,"failureMessages":[],"meta":{},"tags":[]},{"ancestorTitles":["Jobs Store","Job Deletion"],"fullName":"Jobs Store Job Deletion should clear selectedJobId if deleted job was selected","status":"passed","title":"should clear selectedJobId if deleted job was selected","duration":1.2650919999996404,"failureMessages":[],"meta":{},"tags":[]},{"ancestorTitles":["Jobs Store","UI Actions"],"fullName":"Jobs Store UI Actions should set selected job","status":"passed","title":"should set selected job","duration":1.2651590000004944,"failureMessages":[],"meta":{},"tags":[]},{"ancestorTitles":["Jobs Store","UI Actions"],"fullName":"Jobs Store UI Actions should clear selected job","status":"passed","title":"should clear selected job","duration":0.8048610000005283,"failureMessages":[],"meta":{},"tags":[]},{"ancestorTitles":["Jobs Store","UI Actions"],"fullName":"Jobs Store UI Actions should update filters","status":"passed","title":"should update filters","duration":0.9152269999995042,"failureMessages":[],"meta":{},"tags":[]},{"ancestorTitles":["Jobs Store","UI Actions"],"fullName":"Jobs Store UI Actions should merge filters instead of replacing","status":"passed","title":"should merge filters instead of replacing","duration":1.9507219999995868,"failureMessages":[],"meta":{},"tags":[]},{"ancestorTitles":["Jobs Store","UI Actions"],"fullName":"Jobs Store UI Actions should clear all filters","status":"passed","title":"should clear all filters","duration":1.702596999999514,"failureMessages":[],"meta":{},"tags":[]},{"ancestorTitles":["Jobs Store","UI Actions"],"fullName":"Jobs Store UI Actions should update sort options","status":"passed","title":"should update sort options","duration":0.7295389999999315,"failureMessages":[],"meta":{},"tags":[]},{"ancestorTitles":["Jobs Store","Polling"],"fullName":"Jobs Store Polling should start polling","status":"passed","title":"should start polling","duration":4.596869999999399,"failureMessages":[],"meta":{},"tags":[]},{"ancestorTitles":["Jobs Store","Polling"],"fullName":"Jobs Store Polling should stop polling","status":"passed","title":"should stop polling","duration":0.7726739999998244,"failureMessages":[],"meta":{},"tags":[]},{"ancestorTitles":["Jobs Store","Polling"],"fullName":"Jobs Store Polling should not start duplicate polling","status":"passed","title":"should not start duplicate polling","duration":0.7417930000010529,"failureMessages":[],"meta":{},"tags":[]},{"ancestorTitles":["Jobs Store","Reset"],"fullName":"Jobs Store Reset should reset store to initial state","status":"passed","title":"should reset store to initial state","duration":2.9456980000013573,"failureMessages":[],"meta":{},"tags":[]}],"startTime":1778698333683,"endTime":1778698333748.9458,"status":"passed","message":"","name":"/dev-server/src/modules/jobs/__tests__/jobs-store.test.ts"},{"assertionResults":[{"ancestorTitles":["Market Research Store","Initial State"],"fullName":"Market Research Store Initial State should have no current research","status":"passed","title":"should have no current research","duration":9.866668000000573,"failureMessages":[],"meta":{},"tags":[]},{"ancestorTitles":["Market Research Store","Initial State"],"fullName":"Market Research Store Initial State should not be loading initially","status":"passed","title":"should not be loading initially","duration":0.9652690000002622,"failureMessages":[],"meta":{},"tags":[]},{"ancestorTitles":["Market Research Store","Initial State"],"fullName":"Market Research Store Initial State should have no error","status":"passed","title":"should have no error","duration":1.088132000000769,"failureMessages":[],"meta":{},"tags":[]},{"ancestorTitles":["Market Research Store","Initial State"],"fullName":"Market Research Store Initial State should have empty history","status":"passed","title":"should have empty history","duration":3.3646310000003723,"failureMessages":[],"meta":{},"tags":[]},{"ancestorTitles":["Market Research Store","Initial State"],"fullName":"Market Research Store Initial State should have empty saved reports","status":"passed","title":"should have empty saved reports","duration":0.8242129999998724,"failureMessages":[],"meta":{},"tags":[]},{"ancestorTitles":["Market Research Store","Initial State"],"fullName":"Market Research Store Initial State should have default active tab as research","status":"passed","title":"should have default active tab as research","duration":0.5883999999987282,"failureMessages":[],"meta":{},"tags":[]},{"ancestorTitles":["Market Research Store","Research Execution"],"fullName":"Market Research Store Research Execution should perform research and add to history","status":"passed","title":"should perform research and add to history","duration":4.238335000000006,"failureMessages":[],"meta":{},"tags":[]},{"ancestorTitles":["Market Research Store","Research Execution"],"fullName":"Market Research Store Research Execution should cancel research","status":"passed","title":"should cancel research","duration":1.0561390000002575,"failureMessages":[],"meta":{},"tags":[]},{"ancestorTitles":["Market Research Store","Research Execution"],"fullName":"Market Research Store Research Execution should retry failed research","status":"passed","title":"should retry failed research","duration":2.0612619999992603,"failureMessages":[],"meta":{},"tags":[]},{"ancestorTitles":["Market Research Store","History Management"],"fullName":"Market Research Store History Management should get research by ID","status":"passed","title":"should get research by ID","duration":1.8454990000009275,"failureMessages":[],"meta":{},"tags":[]},{"ancestorTitles":["Market Research Store","History Management"],"fullName":"Market Research Store History Management should return null for non-existent research","status":"passed","title":"should return null for non-existent research","duration":1.1034740000013699,"failureMessages":[],"meta":{},"tags":[]},{"ancestorTitles":["Market Research Store","History Management"],"fullName":"Market Research Store History Management should delete research from history","status":"passed","title":"should delete research from history","duration":1.3257610000000568,"failureMessages":[],"meta":{},"tags":[]},{"ancestorTitles":["Market Research Store","History Management"],"fullName":"Market Research Store History Management should clear all history","status":"passed","title":"should clear all history","duration":1.4026620000004186,"failureMessages":[],"meta":{},"tags":[]},{"ancestorTitles":["Market Research Store","Saved Reports"],"fullName":"Market Research Store Saved Reports should save a report","status":"passed","title":"should save a report","duration":1.0313470000000962,"failureMessages":[],"meta":{},"tags":[]},{"ancestorTitles":["Market Research Store","Saved Reports"],"fullName":"Market Research Store Saved Reports should not save the same report twice","status":"passed","title":"should not save the same report twice","duration":1.5195249999997031,"failureMessages":[],"meta":{},"tags":[]},{"ancestorTitles":["Market Research Store","Saved Reports"],"fullName":"Market Research Store Saved Reports should unsave a report","status":"passed","title":"should unsave a report","duration":1.2652649999999994,"failureMessages":[],"meta":{},"tags":[]},{"ancestorTitles":["Market Research Store","Saved Reports"],"fullName":"Market Research Store Saved Reports should check if report is saved","status":"passed","title":"should check if report is saved","duration":0.9376780000002327,"failureMessages":[],"meta":{},"tags":[]},{"ancestorTitles":["Market Research Store","Filters"],"fullName":"Market Research Store Filters should set filters","status":"passed","title":"should set filters","duration":1.0083549999999377,"failureMessages":[],"meta":{},"tags":[]},{"ancestorTitles":["Market Research Store","Filters"],"fullName":"Market Research Store Filters should merge filters instead of replacing","status":"passed","title":"should merge filters instead of replacing","duration":0.9456840000002558,"failureMessages":[],"meta":{},"tags":[]},{"ancestorTitles":["Market Research Store","Filters"],"fullName":"Market Research Store Filters should clear filters","status":"passed","title":"should clear filters","duration":1.2051790000004985,"failureMessages":[],"meta":{},"tags":[]},{"ancestorTitles":["Market Research Store","Filters"],"fullName":"Market Research Store Filters should set search query","status":"passed","title":"should set search query","duration":0.6462220000012167,"failureMessages":[],"meta":{},"tags":[]},{"ancestorTitles":["Market Research Store","Selectors"],"fullName":"Market Research Store Selectors should filter history by search query","status":"passed","title":"should filter history by search query","duration":2.0374919999994745,"failureMessages":[],"meta":{},"tags":[]},{"ancestorTitles":["Market Research Store","Selectors"],"fullName":"Market Research Store Selectors should return all history when no filters","status":"passed","title":"should return all history when no filters","duration":1.4882519999991928,"failureMessages":[],"meta":{},"tags":[]},{"ancestorTitles":["Market Research Store","Active Tab"],"fullName":"Market Research Store Active Tab should change active tab","status":"passed","title":"should change active tab","duration":1.2873969999982364,"failureMessages":[],"meta":{},"tags":[]},{"ancestorTitles":["Market Research Store","Reset"],"fullName":"Market Research Store Reset should reset store to initial state","status":"passed","title":"should reset store to initial state","duration":1.6307730000007723,"failureMessages":[],"meta":{},"tags":[]}],"startTime":1778698332938,"endTime":1778698332984.6309,"status":"passed","message":"","name":"/dev-server/src/modules/market-research/__tests__/market-research-store.test.ts"}]}
